[debug] [2023-05-04T18:59:29.217Z] ----------------------------------------------------------------------
[debug] [2023-05-04T18:59:29.219Z] Command:       C:\Program Files\nodejs\node.exe C:\Program Files\nodejs\node_modules\firebase-tools\lib\bin\firebase.js deploy
[debug] [2023-05-04T18:59:29.219Z] CLI Version:   11.28.0
[debug] [2023-05-04T18:59:29.219Z] Platform:      win32
[debug] [2023-05-04T18:59:29.219Z] Node Version:  v16.18.0
[debug] [2023-05-04T18:59:29.220Z] Time:          Thu May 04 2023 20:59:29 GMT+0200 (Central European Summer Time)
[debug] [2023-05-04T18:59:29.220Z] ----------------------------------------------------------------------
[debug] 
[debug] [2023-05-04T18:59:29.225Z] >>> [apiv2][query] GET https://firebase-public.firebaseio.com/cli.json [none]
[debug] [2023-05-04T18:59:29.305Z] > command requires scopes: ["email","openid","https://www.googleapis.com/auth/cloudplatformprojects.readonly","https://www.googleapis.com/auth/firebase","https://www.googleapis.com/auth/cloud-platform"]
[debug] [2023-05-04T18:59:29.305Z] > authorizing via signed-in user (peter.drevicky@gmail.com)
[debug] [2023-05-04T18:59:29.305Z] [iam] checking project project-management-51b58 for permissions ["datastore.indexes.create","datastore.indexes.delete","datastore.indexes.list","datastore.indexes.update","firebase.projects.get","firebasehosting.sites.update","firebaserules.releases.create","firebaserules.releases.update","firebaserules.rulesets.create"]
[debug] [2023-05-04T18:59:29.306Z] > refreshing access token with scopes: []
[debug] [2023-05-04T18:59:29.307Z] >>> [apiv2][query] POST https://www.googleapis.com/oauth2/v3/token [none]
[debug] [2023-05-04T18:59:29.307Z] >>> [apiv2][body] POST https://www.googleapis.com/oauth2/v3/token [omitted]
[debug] [2023-05-04T18:59:29.452Z] <<< [apiv2][status] POST https://www.googleapis.com/oauth2/v3/token 200
[debug] [2023-05-04T18:59:29.453Z] <<< [apiv2][body] POST https://www.googleapis.com/oauth2/v3/token [omitted]
[debug] [2023-05-04T18:59:29.470Z] >>> [apiv2][query] POST https://cloudresourcemanager.googleapis.com/v1/projects/project-management-51b58:testIamPermissions [none]
[debug] [2023-05-04T18:59:29.470Z] >>> [apiv2][(partial)header] POST https://cloudresourcemanager.googleapis.com/v1/projects/project-management-51b58:testIamPermissions x-goog-quota-user=projects/project-management-51b58
[debug] [2023-05-04T18:59:29.470Z] >>> [apiv2][body] POST https://cloudresourcemanager.googleapis.com/v1/projects/project-management-51b58:testIamPermissions {"permissions":["datastore.indexes.create","datastore.indexes.delete","datastore.indexes.list","datastore.indexes.update","firebase.projects.get","firebasehosting.sites.update","firebaserules.releases.create","firebaserules.releases.update","firebaserules.rulesets.create"]}
[debug] [2023-05-04T18:59:29.605Z] <<< [apiv2][status] GET https://firebase-public.firebaseio.com/cli.json 200
[debug] [2023-05-04T18:59:29.605Z] <<< [apiv2][body] GET https://firebase-public.firebaseio.com/cli.json {"cloudBuildErrorAfter":1594252800000,"cloudBuildWarnAfter":1590019200000,"defaultNode10After":1594252800000,"minVersion":"3.0.5","node8DeploysDisabledAfter":1613390400000,"node8RuntimeDisabledAfter":1615809600000,"node8WarnAfter":1600128000000}
[debug] [2023-05-04T18:59:30.253Z] <<< [apiv2][status] POST https://cloudresourcemanager.googleapis.com/v1/projects/project-management-51b58:testIamPermissions 200
[debug] [2023-05-04T18:59:30.253Z] <<< [apiv2][body] POST https://cloudresourcemanager.googleapis.com/v1/projects/project-management-51b58:testIamPermissions {"permissions":["datastore.indexes.create","datastore.indexes.delete","datastore.indexes.list","datastore.indexes.update","firebase.projects.get","firebasehosting.sites.update","firebaserules.releases.create","firebaserules.releases.update","firebaserules.rulesets.create"]}
[debug] [2023-05-04T18:59:30.254Z] >>> [apiv2][query] GET https://firebase.googleapis.com/v1beta1/projects/project-management-51b58 [none]
[debug] [2023-05-04T18:59:30.682Z] <<< [apiv2][status] GET https://firebase.googleapis.com/v1beta1/projects/project-management-51b58 200
[debug] [2023-05-04T18:59:30.682Z] <<< [apiv2][body] GET https://firebase.googleapis.com/v1beta1/projects/project-management-51b58 {"projectId":"project-management-51b58","projectNumber":"583808120796","displayName":"project-management","name":"projects/project-management-51b58","resources":{"hostingSite":"project-management-51b58","storageBucket":"project-management-51b58.appspot.com","locationId":"europe-central2"},"state":"ACTIVE","etag":"1_585ff5bd-8e50-4708-b6d3-bf8313bbfb70"}
[info] 
[info] === Deploying to 'project-management-51b58'...
[info] 
[info] i  deploying storage, firestore, hosting 
[debug] [2023-05-04T18:59:30.684Z] >>> [apiv2][query] GET https://appengine.googleapis.com/v1/apps/project-management-51b58 [none]
[debug] [2023-05-04T18:59:30.978Z] <<< [apiv2][status] GET https://appengine.googleapis.com/v1/apps/project-management-51b58 200
[debug] [2023-05-04T18:59:30.978Z] <<< [apiv2][body] GET https://appengine.googleapis.com/v1/apps/project-management-51b58 {"name":"apps/project-management-51b58","id":"project-management-51b58","authDomain":"gmail.com","locationId":"europe-central2","codeBucket":"staging.project-management-51b58.appspot.com","servingStatus":"SERVING","defaultHostname":"project-management-51b58.lm.r.appspot.com","defaultBucket":"project-management-51b58.appspot.com","serviceAccount":"project-management-51b58@appspot.gserviceaccount.com","gcrDomain":"eu.gcr.io","databaseType":"CLOUD_FIRESTORE","featureSettings":{"splitHealthChecks":true,"useContainerOptimizedOs":true}}
[info] i  firebase.storage: checking storage.rules for compilation errors... 
[debug] [2023-05-04T18:59:30.980Z] >>> [apiv2][query] POST https://firebaserules.googleapis.com/v1/projects/project-management-51b58:test [none]
[debug] [2023-05-04T18:59:30.980Z] >>> [apiv2][body] POST https://firebaserules.googleapis.com/v1/projects/project-management-51b58:test [omitted]
[debug] [2023-05-04T18:59:31.760Z] <<< [apiv2][status] POST https://firebaserules.googleapis.com/v1/projects/project-management-51b58:test 200
[debug] [2023-05-04T18:59:31.761Z] <<< [apiv2][body] POST https://firebaserules.googleapis.com/v1/projects/project-management-51b58:test {}
[info] +  firebase.storage: rules file storage.rules compiled successfully 
[info] i  firestore: reading indexes from firestore.indexes.json... 
[info] i  cloud.firestore: checking firestore.rules for compilation errors... 
[debug] [2023-05-04T18:59:31.763Z] >>> [apiv2][query] POST https://firebaserules.googleapis.com/v1/projects/project-management-51b58:test [none]
[debug] [2023-05-04T18:59:31.763Z] >>> [apiv2][body] POST https://firebaserules.googleapis.com/v1/projects/project-management-51b58:test [omitted]
[debug] [2023-05-04T18:59:32.459Z] <<< [apiv2][status] POST https://firebaserules.googleapis.com/v1/projects/project-management-51b58:test 200
[debug] [2023-05-04T18:59:32.459Z] <<< [apiv2][body] POST https://firebaserules.googleapis.com/v1/projects/project-management-51b58:test {}
[info] +  cloud.firestore: rules file firestore.rules compiled successfully 
[debug] [2023-05-04T18:59:32.464Z] >>> [apiv2][query] POST https://firebasehosting.googleapis.com/v1beta1/projects/-/sites/project-management-51b58/versions [none]
[debug] [2023-05-04T18:59:32.464Z] >>> [apiv2][body] POST https://firebasehosting.googleapis.com/v1beta1/projects/-/sites/project-management-51b58/versions {"status":"CREATED","labels":{"deployment-tool":"cli-firebase"}}
[debug] [2023-05-04T18:59:33.664Z] <<< [apiv2][status] POST https://firebasehosting.googleapis.com/v1beta1/projects/-/sites/project-management-51b58/versions 200
[debug] [2023-05-04T18:59:33.664Z] <<< [apiv2][body] POST https://firebasehosting.googleapis.com/v1beta1/projects/-/sites/project-management-51b58/versions {"name":"projects/583808120796/sites/project-management-51b58/versions/c6cf5c8d5eee1553","status":"CREATED","config":{},"labels":{"deployment-tool":"cli-firebase"}}
[debug] [2023-05-04T18:59:33.665Z] >>> [apiv2][query] GET https://firebaserules.googleapis.com/v1/projects/project-management-51b58/releases pageSize=10&pageToken=
[debug] [2023-05-04T18:59:33.920Z] <<< [apiv2][status] GET https://firebaserules.googleapis.com/v1/projects/project-management-51b58/releases 200
[debug] [2023-05-04T18:59:33.920Z] <<< [apiv2][body] GET https://firebaserules.googleapis.com/v1/projects/project-management-51b58/releases {"releases":[{"name":"projects/project-management-51b58/releases/cloud.firestore","rulesetName":"projects/project-management-51b58/rulesets/8a453b83-565d-4bcb-8e31-6df29ef4bf8b","createTime":"2023-04-25T11:29:45.073136Z","updateTime":"2023-04-28T08:22:21.031656Z"},{"name":"projects/project-management-51b58/releases/firebase.storage/project-management-51b58.appspot.com","rulesetName":"projects/project-management-51b58/rulesets/14959dff-51b4-4af7-95f1-7f2d457d9697","createTime":"2023-04-26T09:47:16.616777Z","updateTime":"2023-05-02T16:05:23.537624Z"}]}
[debug] [2023-05-04T18:59:33.930Z] >>> [apiv2][query] GET https://firebaserules.googleapis.com/v1/projects/project-management-51b58/rulesets/14959dff-51b4-4af7-95f1-7f2d457d9697 [none]
[debug] [2023-05-04T18:59:34.615Z] <<< [apiv2][status] GET https://firebaserules.googleapis.com/v1/projects/project-management-51b58/rulesets/14959dff-51b4-4af7-95f1-7f2d457d9697 200
[debug] [2023-05-04T18:59:34.615Z] <<< [apiv2][body] GET https://firebaserules.googleapis.com/v1/projects/project-management-51b58/rulesets/14959dff-51b4-4af7-95f1-7f2d457d9697 [omitted]
[info] i  storage: uploading rules storage.rules... 
[debug] [2023-05-04T18:59:34.616Z] >>> [apiv2][query] POST https://firebaserules.googleapis.com/v1/projects/project-management-51b58/rulesets [none]
[debug] [2023-05-04T18:59:34.616Z] >>> [apiv2][body] POST https://firebaserules.googleapis.com/v1/projects/project-management-51b58/rulesets [omitted]
[debug] [2023-05-04T18:59:35.030Z] <<< [apiv2][status] POST https://firebaserules.googleapis.com/v1/projects/project-management-51b58/rulesets 200
[debug] [2023-05-04T18:59:35.031Z] <<< [apiv2][body] POST https://firebaserules.googleapis.com/v1/projects/project-management-51b58/rulesets {"name":"projects/project-management-51b58/rulesets/bc82e0e0-7bf1-44d3-84a8-f51ce4a18d3b","source":{"files":[{"content":"rules_version = '2';\nservice firebase.storage {\n  match /b/{bucket}/o {\n    match /{allPaths=**} {\n      allow read, write: if false;\n    }\n  }\n}\n","name":"storage.rules"}]},"createTime":"2023-05-04T18:59:34.917839Z","metadata":{"services":["firebase.storage"]}}
[debug] [2023-05-04T18:59:35.031Z] [rules] created ruleset projects/project-management-51b58/rulesets/bc82e0e0-7bf1-44d3-84a8-f51ce4a18d3b
[info] i  firestore: deploying indexes... 
[debug] [2023-05-04T18:59:35.032Z] >>> [apiv2][query] GET https://firebaserules.googleapis.com/v1/projects/project-management-51b58/releases pageSize=10&pageToken=
[debug] [2023-05-04T18:59:35.034Z] >>> [apiv2][query] GET https://firestore.googleapis.com/v1/projects/project-management-51b58/databases/(default)/collectionGroups/-/indexes [none]
[debug] [2023-05-04T18:59:35.299Z] <<< [apiv2][status] GET https://firebaserules.googleapis.com/v1/projects/project-management-51b58/releases 200
[debug] [2023-05-04T18:59:35.299Z] <<< [apiv2][body] GET https://firebaserules.googleapis.com/v1/projects/project-management-51b58/releases {"releases":[{"name":"projects/project-management-51b58/releases/cloud.firestore","rulesetName":"projects/project-management-51b58/rulesets/8a453b83-565d-4bcb-8e31-6df29ef4bf8b","createTime":"2023-04-25T11:29:45.073136Z","updateTime":"2023-04-28T08:22:21.031656Z"},{"name":"projects/project-management-51b58/releases/firebase.storage/project-management-51b58.appspot.com","rulesetName":"projects/project-management-51b58/rulesets/14959dff-51b4-4af7-95f1-7f2d457d9697","createTime":"2023-04-26T09:47:16.616777Z","updateTime":"2023-05-02T16:05:23.537624Z"}]}
[debug] [2023-05-04T18:59:35.300Z] >>> [apiv2][query] GET https://firebaserules.googleapis.com/v1/projects/project-management-51b58/rulesets/8a453b83-565d-4bcb-8e31-6df29ef4bf8b [none]
[debug] [2023-05-04T18:59:35.303Z] <<< [apiv2][status] GET https://firestore.googleapis.com/v1/projects/project-management-51b58/databases/(default)/collectionGroups/-/indexes 200
[debug] [2023-05-04T18:59:35.303Z] <<< [apiv2][body] GET https://firestore.googleapis.com/v1/projects/project-management-51b58/databases/(default)/collectionGroups/-/indexes {}
[debug] [2023-05-04T18:59:35.303Z] >>> [apiv2][query] GET https://firestore.googleapis.com/v1/projects/project-management-51b58/databases/(default)/collectionGroups/-/fields?filter=indexConfig.usesAncestorConfig=false OR ttlConfig:* [none]
[debug] [2023-05-04T18:59:35.531Z] <<< [apiv2][status] GET https://firestore.googleapis.com/v1/projects/project-management-51b58/databases/(default)/collectionGroups/-/fields?filter=indexConfig.usesAncestorConfig=false OR ttlConfig:* 200
[debug] [2023-05-04T18:59:35.532Z] <<< [apiv2][body] GET https://firestore.googleapis.com/v1/projects/project-management-51b58/databases/(default)/collectionGroups/-/fields?filter=indexConfig.usesAncestorConfig=false OR ttlConfig:* {"fields":[{"name":"projects/project-management-51b58/databases/(default)/collectionGroups/__default__/fields/*","indexConfig":{"indexes":[{"queryScope":"COLLECTION","fields":[{"fieldPath":"*","order":"ASCENDING"}],"state":"READY"},{"queryScope":"COLLECTION","fields":[{"fieldPath":"*","order":"DESCENDING"}],"state":"READY"},{"queryScope":"COLLECTION","fields":[{"fieldPath":"*","arrayConfig":"CONTAINS"}],"state":"READY"}]}}]}
[info] +  firestore: deployed indexes in firestore.indexes.json successfully for (default) database 
[debug] [2023-05-04T18:59:35.572Z] <<< [apiv2][status] GET https://firebaserules.googleapis.com/v1/projects/project-management-51b58/rulesets/8a453b83-565d-4bcb-8e31-6df29ef4bf8b 200
[debug] [2023-05-04T18:59:35.572Z] <<< [apiv2][body] GET https://firebaserules.googleapis.com/v1/projects/project-management-51b58/rulesets/8a453b83-565d-4bcb-8e31-6df29ef4bf8b [omitted]
[info] i  firestore: latest version of firestore.rules already up to date, skipping upload... 
[info] i  hosting[project-management-51b58]: beginning deploy... 
[info] i  hosting[project-management-51b58]: found 19 files in build 
[debug] [2023-05-04T18:59:35.583Z] [hosting] uploading with 200 concurrency
[debug] [2023-05-04T18:59:36.119Z] [hosting] hash cache [YnVpbGQ] stored for 19 files
[debug] [2023-05-04T18:59:36.119Z] [hosting][hash queue][FINAL] {"max":529,"min":3,"avg":36.05263157894737,"active":0,"complete":19,"success":19,"errored":0,"retried":0,"total":19,"elapsed":534}
[debug] [2023-05-04T18:59:36.120Z] >>> [apiv2][query] POST https://firebasehosting.googleapis.com/v1beta1/projects/583808120796/sites/project-management-51b58/versions/c6cf5c8d5eee1553:populateFiles [none]
[debug] [2023-05-04T18:59:36.120Z] >>> [apiv2][body] POST https://firebasehosting.googleapis.com/v1beta1/projects/583808120796/sites/project-management-51b58/versions/c6cf5c8d5eee1553:populateFiles {"files":{"/favicon.ico":"eae62e993eb980ec8a25058c39d5a51feab118bd2100c4deebb2a9c158ec11f9","/logo192.png":"3ee59515172ee198f3be375979df15ac5345183e656720a381b8872b2a39dc8b","/logo512.png":"ee7e2f3fdb8209c4b6fd7bef6ba50d1b9dba30a25bb5c3126df057e1cb6f5331","/manifest.json":"aff3449bdc238776f5d6d967f19ec491b36aed5fb7f23ccff6500736fd58494a","/robots.txt":"bfe106a3fb878dc83461c86818bf74fc1bdc7f28538ba613cd3e775516ce8b49","/index.html":"7d2f00343e79bcd6907e2ec0973ec4806ed1a7636101d3a85fe1cc8cbc231532","/static/css/main.e5aa4789.chunk.css":"e66ae2af0772680ed9e6bf32541aca5e115ff21fe2b0717669faae55d9211df9","/asset-manifest.json":"998143dcb6f6983052204576652871236200acef15f35b19c3c84f994b0a357c","/static/css/main.e5aa4789.chunk.css.map":"5d3d98dd4e6a8ca713761217cb47bf499dc6c372a06daaf62f75aca28e6e2109","/static/js/2.a5d9e0dc.chunk.js.LICENSE.txt":"dc599aabe26327d822d92ba6c7f68e1c10bd5f10c5b60a2a9abd3ac518badd7a","/static/js/main.7e26e7f2.chunk.js":"eaebd5e3b769a0d068b1b6451c5709871d1e1a9c0cea043664e4cb4f2f89c68b","/static/js/runtime-main.7cb0dfeb.js":"cde51f584e1e0ca0ba7b024c4f41af7e5bcec29a662656fd30e64712941e00a8","/static/js/runtime-main.7cb0dfeb.js.map":"84bc749b55e2c70b5baa491bd9f9dcf850acec79c086fd4b8bce209f839ab3c0","/static/media/add_icon.376e9b6a.svg":"1ad10c2199af4f578f7362be310e1ad099c0f9a0ef324b7269aaa2486ad80a60","/static/media/dashboard_icon.bc800f3b.svg":"a1e4f83ccb3b055123f9178727f0d0c1851aafc4746a522427e454b7c8b3d6d7","/static/media/temple.c57f882d.svg":"32d318935b681802a3048c3279c7ae9a85bfd0a3263f200deaf9d6e8fc73a993","/static/js/main.7e26e7f2.chunk.js.map":"2aacc6ec5b0e6d4184762df60880289d318fd8a309e9742499d3398b4b9d7894","/static/js/2.a5d9e0dc.chunk.js":"e9af133d6938fc3358d6d90c05e593464e9597a55404c35dbca6ae8b0d5bbb37","/static/js/2.a5d9e0dc.chunk.js.map":"157a791f614d95f09161a92cb5d7eee8aa9914d93c387bf6f824a469846fbe11"}}
[debug] [2023-05-04T18:59:37.082Z] <<< [apiv2][status] POST https://firebasehosting.googleapis.com/v1beta1/projects/583808120796/sites/project-management-51b58/versions/c6cf5c8d5eee1553:populateFiles 200
[debug] [2023-05-04T18:59:37.082Z] <<< [apiv2][body] POST https://firebasehosting.googleapis.com/v1beta1/projects/583808120796/sites/project-management-51b58/versions/c6cf5c8d5eee1553:populateFiles {"uploadRequiredHashes":["eaebd5e3b769a0d068b1b6451c5709871d1e1a9c0cea043664e4cb4f2f89c68b","2aacc6ec5b0e6d4184762df60880289d318fd8a309e9742499d3398b4b9d7894","7d2f00343e79bcd6907e2ec0973ec4806ed1a7636101d3a85fe1cc8cbc231532","e9af133d6938fc3358d6d90c05e593464e9597a55404c35dbca6ae8b0d5bbb37","157a791f614d95f09161a92cb5d7eee8aa9914d93c387bf6f824a469846fbe11","998143dcb6f6983052204576652871236200acef15f35b19c3c84f994b0a357c"],"uploadUrl":"https://upload-firebasehosting.googleapis.com/upload/sites/project-management-51b58/versions/c6cf5c8d5eee1553/files"}
[debug] [2023-05-04T18:59:37.084Z] >>> [apiv2][query] POST https://upload-firebasehosting.googleapis.com/upload/sites/project-management-51b58/versions/c6cf5c8d5eee1553/files/eaebd5e3b769a0d068b1b6451c5709871d1e1a9c0cea043664e4cb4f2f89c68b [none]
[debug] [2023-05-04T18:59:37.085Z] >>> [apiv2][body] POST https://upload-firebasehosting.googleapis.com/upload/sites/project-management-51b58/versions/c6cf5c8d5eee1553/files/eaebd5e3b769a0d068b1b6451c5709871d1e1a9c0cea043664e4cb4f2f89c68b [stream]
[debug] [2023-05-04T18:59:37.086Z] >>> [apiv2][query] POST https://upload-firebasehosting.googleapis.com/upload/sites/project-management-51b58/versions/c6cf5c8d5eee1553/files/2aacc6ec5b0e6d4184762df60880289d318fd8a309e9742499d3398b4b9d7894 [none]
[debug] [2023-05-04T18:59:37.087Z] >>> [apiv2][body] POST https://upload-firebasehosting.googleapis.com/upload/sites/project-management-51b58/versions/c6cf5c8d5eee1553/files/2aacc6ec5b0e6d4184762df60880289d318fd8a309e9742499d3398b4b9d7894 [stream]
[debug] [2023-05-04T18:59:37.088Z] >>> [apiv2][query] POST https://upload-firebasehosting.googleapis.com/upload/sites/project-management-51b58/versions/c6cf5c8d5eee1553/files/7d2f00343e79bcd6907e2ec0973ec4806ed1a7636101d3a85fe1cc8cbc231532 [none]
[debug] [2023-05-04T18:59:37.088Z] >>> [apiv2][body] POST https://upload-firebasehosting.googleapis.com/upload/sites/project-management-51b58/versions/c6cf5c8d5eee1553/files/7d2f00343e79bcd6907e2ec0973ec4806ed1a7636101d3a85fe1cc8cbc231532 [stream]
[debug] [2023-05-04T18:59:37.089Z] >>> [apiv2][query] POST https://upload-firebasehosting.googleapis.com/upload/sites/project-management-51b58/versions/c6cf5c8d5eee1553/files/e9af133d6938fc3358d6d90c05e593464e9597a55404c35dbca6ae8b0d5bbb37 [none]
[debug] [2023-05-04T18:59:37.090Z] >>> [apiv2][body] POST https://upload-firebasehosting.googleapis.com/upload/sites/project-management-51b58/versions/c6cf5c8d5eee1553/files/e9af133d6938fc3358d6d90c05e593464e9597a55404c35dbca6ae8b0d5bbb37 [stream]
[debug] [2023-05-04T18:59:37.091Z] >>> [apiv2][query] POST https://upload-firebasehosting.googleapis.com/upload/sites/project-management-51b58/versions/c6cf5c8d5eee1553/files/157a791f614d95f09161a92cb5d7eee8aa9914d93c387bf6f824a469846fbe11 [none]
[debug] [2023-05-04T18:59:37.091Z] >>> [apiv2][body] POST https://upload-firebasehosting.googleapis.com/upload/sites/project-management-51b58/versions/c6cf5c8d5eee1553/files/157a791f614d95f09161a92cb5d7eee8aa9914d93c387bf6f824a469846fbe11 [stream]
[debug] [2023-05-04T18:59:37.092Z] >>> [apiv2][query] POST https://upload-firebasehosting.googleapis.com/upload/sites/project-management-51b58/versions/c6cf5c8d5eee1553/files/998143dcb6f6983052204576652871236200acef15f35b19c3c84f994b0a357c [none]
[debug] [2023-05-04T18:59:37.092Z] >>> [apiv2][body] POST https://upload-firebasehosting.googleapis.com/upload/sites/project-management-51b58/versions/c6cf5c8d5eee1553/files/998143dcb6f6983052204576652871236200acef15f35b19c3c84f994b0a357c [stream]
[debug] [2023-05-04T18:59:37.093Z] [hosting][populate queue][FINAL] {"max":968,"min":968,"avg":968,"active":0,"complete":1,"success":1,"errored":0,"retried":0,"total":1,"elapsed":977}
[debug] [2023-05-04T18:59:37.094Z] [hosting] uploads queued: 6
[debug] [2023-05-04T18:59:38.205Z] <<< [apiv2][status] POST https://upload-firebasehosting.googleapis.com/upload/sites/project-management-51b58/versions/c6cf5c8d5eee1553/files/eaebd5e3b769a0d068b1b6451c5709871d1e1a9c0cea043664e4cb4f2f89c68b 200
[debug] [2023-05-04T18:59:38.207Z] <<< [apiv2][body] POST https://upload-firebasehosting.googleapis.com/upload/sites/project-management-51b58/versions/c6cf5c8d5eee1553/files/eaebd5e3b769a0d068b1b6451c5709871d1e1a9c0cea043664e4cb4f2f89c68b [stream]
[debug] [2023-05-04T18:59:38.217Z] <<< [apiv2][status] POST https://upload-firebasehosting.googleapis.com/upload/sites/project-management-51b58/versions/c6cf5c8d5eee1553/files/2aacc6ec5b0e6d4184762df60880289d318fd8a309e9742499d3398b4b9d7894 200
[debug] [2023-05-04T18:59:38.217Z] <<< [apiv2][body] POST https://upload-firebasehosting.googleapis.com/upload/sites/project-management-51b58/versions/c6cf5c8d5eee1553/files/2aacc6ec5b0e6d4184762df60880289d318fd8a309e9742499d3398b4b9d7894 [stream]
[debug] [2023-05-04T18:59:38.296Z] <<< [apiv2][status] POST https://upload-firebasehosting.googleapis.com/upload/sites/project-management-51b58/versions/c6cf5c8d5eee1553/files/7d2f00343e79bcd6907e2ec0973ec4806ed1a7636101d3a85fe1cc8cbc231532 200
[debug] [2023-05-04T18:59:38.296Z] <<< [apiv2][body] POST https://upload-firebasehosting.googleapis.com/upload/sites/project-management-51b58/versions/c6cf5c8d5eee1553/files/7d2f00343e79bcd6907e2ec0973ec4806ed1a7636101d3a85fe1cc8cbc231532 [stream]
[debug] [2023-05-04T18:59:38.304Z] <<< [apiv2][status] POST https://upload-firebasehosting.googleapis.com/upload/sites/project-management-51b58/versions/c6cf5c8d5eee1553/files/998143dcb6f6983052204576652871236200acef15f35b19c3c84f994b0a357c 200
[debug] [2023-05-04T18:59:38.304Z] <<< [apiv2][body] POST https://upload-firebasehosting.googleapis.com/upload/sites/project-management-51b58/versions/c6cf5c8d5eee1553/files/998143dcb6f6983052204576652871236200acef15f35b19c3c84f994b0a357c [stream]
